\BOOKMARK [1][-]{section*.1}{RESUMEN}{}% 1
\BOOKMARK [1][-]{section*.2}{ABSTRACT}{}% 2
\BOOKMARK [1][-]{section*.3}{GLOSARIO}{}% 3
\BOOKMARK [1][-]{section*.4}{ÍNDICE DE FIGURAS}{}% 4
\BOOKMARK [1][-]{section*.5}{ÍNDICE DE TABLAS}{}% 5
\BOOKMARK [1][-]{section*.6}{INTRODUCCIÓN}{}% 6
\BOOKMARK [1][-]{section*.6}{CAPÍTULO 1: DEFINICIÓN DEL PROBLEMA}{}% 7
\BOOKMARK [2][-]{subsection.1.1}{CONTEXTO}{section*.6}% 8
\BOOKMARK [2][-]{subsection.1.2}{PROBLEMA}{section*.6}% 9
\BOOKMARK [2][-]{subsection.1.3}{DIFERENCIAS}{section*.6}% 10
\BOOKMARK [3][-]{subsubsection.1.3.1}{TABLERO}{subsection.1.3}% 11
\BOOKMARK [3][-]{subsubsection.1.3.2}{VISIBILIDAD}{subsection.1.3}% 12
\BOOKMARK [3][-]{subsubsection.1.3.3}{MOVIMIENTO}{subsection.1.3}% 13
\BOOKMARK [3][-]{subsubsection.1.3.4}{TAMAÑO}{subsection.1.3}% 14
\BOOKMARK [2][-]{subsection.1.4}{GRAFOS}{section*.6}% 15
\BOOKMARK [2][-]{subsection.1.5}{ENFOQUE}{section*.6}% 16
\BOOKMARK [2][-]{subsection.1.6}{OBJETIVO DE LA SOLUCIÓN}{section*.6}% 17
\BOOKMARK [3][-]{subsubsection.1.6.1}{OBJETIVOS GENERALES}{subsection.1.6}% 18
\BOOKMARK [3][-]{subsubsection.1.6.2}{OBJETIVOS ESPECÍFICOS}{subsection.1.6}% 19
\BOOKMARK [1][-]{Item.3}{CAPÍTULO 2: MARCO CONCEPTUAL}{}% 20
\BOOKMARK [2][-]{subsection.2.1}{PATHFINDING}{Item.3}% 21
\BOOKMARK [2][-]{subsection.2.2}{TEORIA DE GRAFOS}{Item.3}% 22
\BOOKMARK [3][-]{subsubsection.2.2.1}{DEFINICION DE GRAFO}{subsection.2.2}% 23
\BOOKMARK [3][-]{subsubsection.2.2.2}{CAMINO}{subsection.2.2}% 24
\BOOKMARK [3][-]{subsubsection.2.2.3}{COSTO}{subsection.2.2}% 25
\BOOKMARK [2][-]{subsection.2.3}{ALGORITMOS}{Item.3}% 26
\BOOKMARK [3][-]{subsubsection.2.3.1}{DIJKSTRA'S}{subsection.2.3}% 27
\BOOKMARK [3][-]{subsubsection.2.3.2}{A*}{subsection.2.3}% 28
\BOOKMARK [3][-]{subsubsection.2.3.3}{HEUTISTICAS}{subsection.2.3}% 29
\BOOKMARK [3][-]{subsubsection.2.3.4}{ABSTRACCIONES DE MAPA}{subsection.2.3}% 30
\BOOKMARK [1][-]{Item.12}{CAPÍTULO 3: PROPUESTA DE SOLUCIÓN}{}% 31
\BOOKMARK [1][-]{Item.12}{CAPÍTULO 4: VALIDACIÓN DE LA SOLUCIÓN}{}% 32
\BOOKMARK [1][-]{Item.12}{CAPÍTULO 5: CONCLUSIONES}{}% 33
\BOOKMARK [1][-]{section*.7}{ANEXOS}{}% 34
\BOOKMARK [1][-]{section*.8}{REFERENCIAS BIBLIOGRÁFICAS}{}% 35
